<?xml version="1.0" encoding="UTF-8"?>
<testsuite xmlns:xsi="http://www.w3.org/2001/XMLSchema-instance" xsi:noNamespaceSchemaLocation="https://maven.apache.org/surefire/maven-surefire-plugin/xsd/surefire-test-report-3.0.xsd" version="3.0" name="TestSuite" time="125.21" tests="21" errors="0" skipped="0" failures="3">
  <properties>
[...]
</properties>
  <testcase name="Add_Products_To_Cart_Validation" classname="com.poc.tests.Test1" time="7.002">
    <system-out><![CDATA[22:40:52.159 [main] DEBUG org.testng.TestNG - suiteXmlPath: "C:\Users\sreehari\eclipse-workspace\poc\testng.xml"
22:40:52.194 [main] WARN org.testng.xml.TestNGContentHandler - It is strongly recommended to add "<!DOCTYPE suite SYSTEM "https://testng.org/testng-1.1.dtd" >" at the top of the suite file [C:\Users\sreehari\eclipse-workspace\poc\testng.xml] otherwise TestNG may fail or not work as expected.
22:40:53.903 [main] INFO  com.poc.base.AbstractBaseTest - Chrome browser is launched
]]></system-out>
    <system-err><![CDATA[Oct 19, 2025 10:40:53 PM org.openqa.selenium.devtools.CdpVersionFinder findNearestMatch
WARNING: Unable to find an exact match for CDP version 141, returning the closest version; found: 138; Please update to a Selenium version that supports CDP version 141
]]></system-err>
  </testcase>
  <testcase name="Add_Recommended_Products_Validation[Wnter Top](1)" classname="com.poc.tests.Test1" time="0.055">
    <failure message="Recommended product Wnter Top not found" type="java.lang.AssertionError"><![CDATA[java.lang.AssertionError: Recommended product Wnter Top not found
	at org.testng.Assert.fail(Assert.java:111)
	at com.poc.pages.Poc_Home_page.selectRecommendedProductandAddtoCart(Poc_Home_page.java:216)
	at com.poc.tests.Test1.Add_Recommended_Products_Validation(Test1.java:367)
	at java.base/jdk.internal.reflect.NativeMethodAccessorImpl.invoke0(Native Method)
	at java.base/jdk.internal.reflect.NativeMethodAccessorImpl.invoke(NativeMethodAccessorImpl.java:77)
	at java.base/jdk.internal.reflect.DelegatingMethodAccessorImpl.invoke(DelegatingMethodAccessorImpl.java:43)
	at java.base/java.lang.reflect.Method.invoke(Method.java:568)
	at org.testng.internal.invokers.MethodInvocationHelper.invokeMethod(MethodInvocationHelper.java:141)
	at org.testng.internal.invokers.TestInvoker.invokeMethod(TestInvoker.java:686)
	at org.testng.internal.invokers.TestInvoker.invokeTestMethod(TestInvoker.java:230)
	at org.testng.internal.invokers.MethodRunner.runInSequence(MethodRunner.java:63)
	at org.testng.internal.invokers.TestInvoker$MethodInvocationAgent.invoke(TestInvoker.java:992)
	at org.testng.internal.invokers.TestInvoker.invokeTestMethods(TestInvoker.java:203)
	at org.testng.internal.invokers.TestMethodWorker.invokeTestMethods(TestMethodWorker.java:154)
	at org.testng.internal.invokers.TestMethodWorker.run(TestMethodWorker.java:134)
	at java.base/java.util.ArrayList.forEach(ArrayList.java:1511)
	at org.testng.TestRunner.privateRun(TestRunner.java:739)
	at org.testng.TestRunner.run(TestRunner.java:614)
	at org.testng.SuiteRunner.runTest(SuiteRunner.java:421)
	at org.testng.SuiteRunner.runSequentially(SuiteRunner.java:413)
	at org.testng.SuiteRunner.privateRun(SuiteRunner.java:373)
	at org.testng.SuiteRunner.run(SuiteRunner.java:312)
	at org.testng.SuiteRunnerWorker.runSuite(SuiteRunnerWorker.java:52)
	at org.testng.SuiteRunnerWorker.run(SuiteRunnerWorker.java:95)
	at org.testng.TestNG.runSuitesSequentially(TestNG.java:1274)
	at org.testng.TestNG.runSuitesLocally(TestNG.java:1208)
	at org.testng.TestNG.runSuites(TestNG.java:1112)
	at org.testng.TestNG.run(TestNG.java:1079)
	at org.apache.maven.surefire.testng.TestNGExecutor.run(TestNGExecutor.java:308)
	at org.apache.maven.surefire.testng.TestNGXmlTestSuite.execute(TestNGXmlTestSuite.java:71)
	at org.apache.maven.surefire.testng.TestNGProvider.invoke(TestNGProvider.java:113)
	at org.apache.maven.surefire.booter.ForkedBooter.runSuitesInProcess(ForkedBooter.java:385)
	at org.apache.maven.surefire.booter.ForkedBooter.execute(ForkedBooter.java:162)
	at org.apache.maven.surefire.booter.ForkedBooter.run(ForkedBooter.java:507)
	at org.apache.maven.surefire.booter.ForkedBooter.main(ForkedBooter.java:495)
]]></failure>
    <system-out><![CDATA[22:41:03.326 [main] INFO  com.poc.base.AbstractBaseTest - Add_Products_To_Cart_Validation executed successfully.
22:41:03.326 [main] INFO  com.poc.base.AbstractBaseTest - -------------------------------------------------------
22:41:04.122 [main] INFO  com.poc.base.AbstractBaseTest - Chrome browser is launched
22:41:06.896 [main] ERROR com.poc.pages.Poc_Home_page - Recommended product Wnter Top not found with exception: no such element: Unable to locate element: {"method":"xpath","selector":"//div[@class='recommended_items']//p[text()='Wnter Top']//parent::div/a"}
  (Session info: chrome=141.0.7390.108)
For documentation on this error, please visit: https://www.selenium.dev/documentation/webdriver/troubleshooting/errors#no-such-element-exception
Build info: version: '4.34.0', revision: '707dcb4246*'
System info: os.name: 'Windows 10', os.arch: 'amd64', os.version: '10.0', java.version: '17.0.12'
Driver info: org.openqa.selenium.chrome.ChromeDriver
Command: [4952b5a0465c570853a6dd5dcd59b09f, findElement {using=xpath, value=//div[@class='recommended_items']//p[text()='Wnter Top']//parent::div/a}]
Capabilities {acceptInsecureCerts: false, browserName: chrome, browserVersion: 141.0.7390.108, chrome: {chromedriverVersion: 141.0.7390.78 (2b53b0e231fc..., userDataDir: C:\Users\sreehari\AppData\L...}, fedcm:accounts: true, goog:chromeOptions: {debuggerAddress: localhost:58826}, networkConnectionEnabled: false, pageLoadStrategy: normal, platformName: windows, proxy: Proxy(), se:cdp: ws://localhost:58826/devtoo..., se:cdpVersion: 141.0.7390.108, setWindowRect: true, strictFileInteractability: false, timeouts: {implicit: 0, pageLoad: 300000, script: 30000}, unhandledPromptBehavior: dismiss and notify, webauthn:extension:credBlob: true, webauthn:extension:largeBlob: true, webauthn:extension:minPinLength: true, webauthn:extension:prf: true, webauthn:virtualAuthenticators: true}
Session ID: 4952b5a0465c570853a6dd5dcd59b09f
]]></system-out>
    <system-err><![CDATA[Oct 19, 2025 10:41:04 PM org.openqa.selenium.devtools.CdpVersionFinder findNearestMatch
WARNING: Unable to find an exact match for CDP version 141, returning the closest version; found: 138; Please update to a Selenium version that supports CDP version 141
]]></system-err>
  </testcase>
  <testcase name="Add_Recommended_Products_Validation[Stylish Dress](2)" classname="com.poc.tests.Test1" time="1.573">
    <system-out><![CDATA[22:41:07.050 [main] INFO  com.poc.lib.TestAllureReportListener - Attaching screenshot file to Allure: C:\Users\sreehari\eclipse-workspace\poc\.\screenshots\Add_Recommended_Products_ValidationSun-Oct-19-22-41-06-IST-2025.png (125836 bytes)
22:41:07.155 [main] INFO  com.poc.base.AbstractBaseTest - Screenshot captured for failed method Add_Recommended_Products_Validation
22:41:07.155 [main] INFO  com.poc.base.AbstractBaseTest - Add_Recommended_Products_Validation failed and captured the screenshot.
22:41:07.155 [main] INFO  com.poc.base.AbstractBaseTest - -------------------------------------------------------
22:41:07.927 [main] INFO  com.poc.base.AbstractBaseTest - Chrome browser is launched
22:41:12.313 [main] INFO  com.poc.base.AbstractBaseTest - Recommended product Stylish Dress added successfully to cart
]]></system-out>
    <system-err><![CDATA[Oct 19, 2025 10:41:07 PM org.openqa.selenium.devtools.CdpVersionFinder findNearestMatch
WARNING: Unable to find an exact match for CDP version 141, returning the closest version; found: 138; Please update to a Selenium version that supports CDP version 141
]]></system-err>
  </testcase>
  <testcase name="Add_Recommended_Products_Validation[Summer White Top](3)" classname="com.poc.tests.Test1" time="1.54">
    <system-out><![CDATA[22:41:12.316 [main] INFO  com.poc.base.AbstractBaseTest - Add_Recommended_Products_Validation executed successfully.
22:41:12.316 [main] INFO  com.poc.base.AbstractBaseTest - -------------------------------------------------------
22:41:13.071 [main] INFO  com.poc.base.AbstractBaseTest - Chrome browser is launched
22:41:16.265 [main] INFO  com.poc.base.AbstractBaseTest - Recommended product Summer White Top added successfully to cart
]]></system-out>
    <system-err><![CDATA[Oct 19, 2025 10:41:13 PM org.openqa.selenium.devtools.CdpVersionFinder findNearestMatch
WARNING: Unable to find an exact match for CDP version 141, returning the closest version; found: 138; Please update to a Selenium version that supports CDP version 141
]]></system-err>
  </testcase>
  <testcase name="Add_Review_On_Product_Validation" classname="com.poc.tests.Test1" time="2.943">
    <system-out><![CDATA[22:41:16.267 [main] INFO  com.poc.base.AbstractBaseTest - Add_Recommended_Products_Validation executed successfully.
22:41:16.267 [main] INFO  com.poc.base.AbstractBaseTest - -------------------------------------------------------
22:41:17.058 [main] INFO  com.poc.base.AbstractBaseTest - Chrome browser is launched
]]></system-out>
    <system-err><![CDATA[Oct 19, 2025 10:41:17 PM org.openqa.selenium.devtools.CdpVersionFinder findNearestMatch
WARNING: Unable to find an exact match for CDP version 141, returning the closest version; found: 138; Please update to a Selenium version that supports CDP version 141
]]></system-err>
  </testcase>
  <testcase name="Contact_Us_Form_Validation" classname="com.poc.tests.Test1" time="3.872">
    <system-out><![CDATA[22:41:24.044 [main] INFO  com.poc.base.AbstractBaseTest - Add_Review_On_Product_Validation executed successfully.
22:41:24.045 [main] INFO  com.poc.base.AbstractBaseTest - -------------------------------------------------------
22:41:24.816 [main] INFO  com.poc.base.AbstractBaseTest - Chrome browser is launched
]]></system-out>
    <system-err><![CDATA[Oct 19, 2025 10:41:24 PM org.openqa.selenium.devtools.CdpVersionFinder findNearestMatch
WARNING: Unable to find an exact match for CDP version 141, returning the closest version; found: 138; Please update to a Selenium version that supports CDP version 141
]]></system-err>
  </testcase>
  <testcase name="Invalid_Login_Validation" classname="com.poc.tests.Test1" time="1.324">
    <system-out><![CDATA[22:41:30.851 [main] INFO  com.poc.base.AbstractBaseTest - Contact_Us_Form_Validation executed successfully.
22:41:30.851 [main] INFO  com.poc.base.AbstractBaseTest - -------------------------------------------------------
22:41:31.622 [main] INFO  com.poc.base.AbstractBaseTest - Chrome browser is launched
]]></system-out>
    <system-err><![CDATA[Oct 19, 2025 10:41:31 PM org.openqa.selenium.devtools.CdpVersionFinder findNearestMatch
WARNING: Unable to find an exact match for CDP version 141, returning the closest version; found: 138; Please update to a Selenium version that supports CDP version 141
]]></system-err>
  </testcase>
  <testcase name="Login_Validation" classname="com.poc.tests.Test1" time="1.241">
    <failure message="User login failed expected [true] but found [false]" type="java.lang.AssertionError"><![CDATA[java.lang.AssertionError: User login failed expected [true] but found [false]
	at org.testng.Assert.fail(Assert.java:111)
	at org.testng.Assert.failNotEquals(Assert.java:1578)
	at org.testng.Assert.assertTrue(Assert.java:57)
	at com.poc.tests.Test1.Login_Validation(Test1.java:88)
	at java.base/jdk.internal.reflect.NativeMethodAccessorImpl.invoke0(Native Method)
	at java.base/jdk.internal.reflect.NativeMethodAccessorImpl.invoke(NativeMethodAccessorImpl.java:77)
	at java.base/jdk.internal.reflect.DelegatingMethodAccessorImpl.invoke(DelegatingMethodAccessorImpl.java:43)
	at java.base/java.lang.reflect.Method.invoke(Method.java:568)
	at org.testng.internal.invokers.MethodInvocationHelper.invokeMethod(MethodInvocationHelper.java:141)
	at org.testng.internal.invokers.TestInvoker.invokeMethod(TestInvoker.java:686)
	at org.testng.internal.invokers.TestInvoker.invokeTestMethod(TestInvoker.java:230)
	at org.testng.internal.invokers.MethodRunner.runInSequence(MethodRunner.java:63)
	at org.testng.internal.invokers.TestInvoker$MethodInvocationAgent.invoke(TestInvoker.java:992)
	at org.testng.internal.invokers.TestInvoker.invokeTestMethods(TestInvoker.java:203)
	at org.testng.internal.invokers.TestMethodWorker.invokeTestMethods(TestMethodWorker.java:154)
	at org.testng.internal.invokers.TestMethodWorker.run(TestMethodWorker.java:134)
	at java.base/java.util.ArrayList.forEach(ArrayList.java:1511)
	at org.testng.TestRunner.privateRun(TestRunner.java:739)
	at org.testng.TestRunner.run(TestRunner.java:614)
	at org.testng.SuiteRunner.runTest(SuiteRunner.java:421)
	at org.testng.SuiteRunner.runSequentially(SuiteRunner.java:413)
	at org.testng.SuiteRunner.privateRun(SuiteRunner.java:373)
	at org.testng.SuiteRunner.run(SuiteRunner.java:312)
	at org.testng.SuiteRunnerWorker.runSuite(SuiteRunnerWorker.java:52)
	at org.testng.SuiteRunnerWorker.run(SuiteRunnerWorker.java:95)
	at org.testng.TestNG.runSuitesSequentially(TestNG.java:1274)
	at org.testng.TestNG.runSuitesLocally(TestNG.java:1208)
	at org.testng.TestNG.runSuites(TestNG.java:1112)
	at org.testng.TestNG.run(TestNG.java:1079)
	at org.apache.maven.surefire.testng.TestNGExecutor.run(TestNGExecutor.java:308)
	at org.apache.maven.surefire.testng.TestNGXmlTestSuite.execute(TestNGXmlTestSuite.java:71)
	at org.apache.maven.surefire.testng.TestNGProvider.invoke(TestNGProvider.java:113)
	at org.apache.maven.surefire.booter.ForkedBooter.runSuitesInProcess(ForkedBooter.java:385)
	at org.apache.maven.surefire.booter.ForkedBooter.execute(ForkedBooter.java:162)
	at org.apache.maven.surefire.booter.ForkedBooter.run(ForkedBooter.java:507)
	at org.apache.maven.surefire.booter.ForkedBooter.main(ForkedBooter.java:495)
]]></failure>
    <system-out><![CDATA[22:41:35.272 [main] INFO  com.poc.base.AbstractBaseTest - Invalid_Login_Validation executed successfully.
22:41:35.272 [main] INFO  com.poc.base.AbstractBaseTest - -------------------------------------------------------
22:41:36.022 [main] INFO  com.poc.base.AbstractBaseTest - Chrome browser is launched
22:41:39.133 [main] ERROR com.poc.pages.Poc_AccountInfo_Page - User login check failed with exception: no such element: Unable to locate element: {"method":"xpath","selector":"//a[text()=' Logged in as ']/b[text()='sreehari aderu']"}
  (Session info: chrome=141.0.7390.108)
For documentation on this error, please visit: https://www.selenium.dev/documentation/webdriver/troubleshooting/errors#no-such-element-exception
Build info: version: '4.34.0', revision: '707dcb4246*'
System info: os.name: 'Windows 10', os.arch: 'amd64', os.version: '10.0', java.version: '17.0.12'
Driver info: org.openqa.selenium.chrome.ChromeDriver
Command: [4927d3e0cfa491e2cb92d054bb8be212, findElement {using=xpath, value=//a[text()=' Logged in as ']/b[text()='sreehari aderu']}]
Capabilities {acceptInsecureCerts: false, browserName: chrome, browserVersion: 141.0.7390.108, chrome: {chromedriverVersion: 141.0.7390.78 (2b53b0e231fc..., userDataDir: C:\Users\sreehari\AppData\L...}, fedcm:accounts: true, goog:chromeOptions: {debuggerAddress: localhost:58972}, networkConnectionEnabled: false, pageLoadStrategy: normal, platformName: windows, proxy: Proxy(), se:cdp: ws://localhost:58972/devtoo..., se:cdpVersion: 141.0.7390.108, setWindowRect: true, strictFileInteractability: false, timeouts: {implicit: 0, pageLoad: 300000, script: 30000}, unhandledPromptBehavior: dismiss and notify, webauthn:extension:credBlob: true, webauthn:extension:largeBlob: true, webauthn:extension:minPinLength: true, webauthn:extension:prf: true, webauthn:virtualAuthenticators: true}
Session ID: 4927d3e0cfa491e2cb92d054bb8be212
]]></system-out>
    <system-err><![CDATA[Oct 19, 2025 10:41:36 PM org.openqa.selenium.devtools.CdpVersionFinder findNearestMatch
WARNING: Unable to find an exact match for CDP version 141, returning the closest version; found: 138; Please update to a Selenium version that supports CDP version 141
]]></system-err>
  </testcase>
  <testcase name="Logout_Validation" classname="com.poc.tests.Test1" time="0.811">
    <failure message="User login failed expected [true] but found [false]" type="java.lang.AssertionError"><![CDATA[java.lang.AssertionError: User login failed expected [true] but found [false]
	at org.testng.Assert.fail(Assert.java:111)
	at org.testng.Assert.failNotEquals(Assert.java:1578)
	at org.testng.Assert.assertTrue(Assert.java:57)
	at com.poc.tests.Test1.Logout_Validation(Test1.java:137)
	at java.base/jdk.internal.reflect.NativeMethodAccessorImpl.invoke0(Native Method)
	at java.base/jdk.internal.reflect.NativeMethodAccessorImpl.invoke(NativeMethodAccessorImpl.java:77)
	at java.base/jdk.internal.reflect.DelegatingMethodAccessorImpl.invoke(DelegatingMethodAccessorImpl.java:43)
	at java.base/java.lang.reflect.Method.invoke(Method.java:568)
	at org.testng.internal.invokers.MethodInvocationHelper.invokeMethod(MethodInvocationHelper.java:141)
	at org.testng.internal.invokers.TestInvoker.invokeMethod(TestInvoker.java:686)
	at org.testng.internal.invokers.TestInvoker.invokeTestMethod(TestInvoker.java:230)
	at org.testng.internal.invokers.MethodRunner.runInSequence(MethodRunner.java:63)
	at org.testng.internal.invokers.TestInvoker$MethodInvocationAgent.invoke(TestInvoker.java:992)
	at org.testng.internal.invokers.TestInvoker.invokeTestMethods(TestInvoker.java:203)
	at org.testng.internal.invokers.TestMethodWorker.invokeTestMethods(TestMethodWorker.java:154)
	at org.testng.internal.invokers.TestMethodWorker.run(TestMethodWorker.java:134)
	at java.base/java.util.ArrayList.forEach(ArrayList.java:1511)
	at org.testng.TestRunner.privateRun(TestRunner.java:739)
	at org.testng.TestRunner.run(TestRunner.java:614)
	at org.testng.SuiteRunner.runTest(SuiteRunner.java:421)
	at org.testng.SuiteRunner.runSequentially(SuiteRunner.java:413)
	at org.testng.SuiteRunner.privateRun(SuiteRunner.java:373)
	at org.testng.SuiteRunner.run(SuiteRunner.java:312)
	at org.testng.SuiteRunnerWorker.runSuite(SuiteRunnerWorker.java:52)
	at org.testng.SuiteRunnerWorker.run(SuiteRunnerWorker.java:95)
	at org.testng.TestNG.runSuitesSequentially(TestNG.java:1274)
	at org.testng.TestNG.runSuitesLocally(TestNG.java:1208)
	at org.testng.TestNG.runSuites(TestNG.java:1112)
	at org.testng.TestNG.run(TestNG.java:1079)
	at org.apache.maven.surefire.testng.TestNGExecutor.run(TestNGExecutor.java:308)
	at org.apache.maven.surefire.testng.TestNGXmlTestSuite.execute(TestNGXmlTestSuite.java:71)
	at org.apache.maven.surefire.testng.TestNGProvider.invoke(TestNGProvider.java:113)
	at org.apache.maven.surefire.booter.ForkedBooter.runSuitesInProcess(ForkedBooter.java:385)
	at org.apache.maven.surefire.booter.ForkedBooter.execute(ForkedBooter.java:162)
	at org.apache.maven.surefire.booter.ForkedBooter.run(ForkedBooter.java:507)
	at org.apache.maven.surefire.booter.ForkedBooter.main(ForkedBooter.java:495)
]]></failure>
    <system-out><![CDATA[22:41:39.236 [main] INFO  com.poc.lib.TestAllureReportListener - Attaching screenshot file to Allure: C:\Users\sreehari\eclipse-workspace\poc\.\screenshots\Login_ValidationSun-Oct-19-22-41-39-IST-2025.png (19443 bytes)
22:41:39.325 [main] INFO  com.poc.base.AbstractBaseTest - Screenshot captured for failed method Login_Validation
22:41:39.325 [main] INFO  com.poc.base.AbstractBaseTest - Login_Validation failed and captured the screenshot.
22:41:39.325 [main] INFO  com.poc.base.AbstractBaseTest - -------------------------------------------------------
22:41:40.081 [main] INFO  com.poc.base.AbstractBaseTest - Chrome browser is launched
22:41:43.548 [main] ERROR com.poc.pages.Poc_AccountInfo_Page - User login check failed with exception: no such element: Unable to locate element: {"method":"xpath","selector":"//a[text()=' Logged in as ']/b[text()='sreehari aderu']"}
  (Session info: chrome=141.0.7390.108)
For documentation on this error, please visit: https://www.selenium.dev/documentation/webdriver/troubleshooting/errors#no-such-element-exception
Build info: version: '4.34.0', revision: '707dcb4246*'
System info: os.name: 'Windows 10', os.arch: 'amd64', os.version: '10.0', java.version: '17.0.12'
Driver info: org.openqa.selenium.chrome.ChromeDriver
Command: [54bc61cade54a5ff57016760946bb90e, findElement {using=xpath, value=//a[text()=' Logged in as ']/b[text()='sreehari aderu']}]
Capabilities {acceptInsecureCerts: false, browserName: chrome, browserVersion: 141.0.7390.108, chrome: {chromedriverVersion: 141.0.7390.78 (2b53b0e231fc..., userDataDir: C:\Users\sreehari\AppData\L...}, fedcm:accounts: true, goog:chromeOptions: {debuggerAddress: localhost:58995}, networkConnectionEnabled: false, pageLoadStrategy: normal, platformName: windows, proxy: Proxy(), se:cdp: ws://localhost:58995/devtoo..., se:cdpVersion: 141.0.7390.108, setWindowRect: true, strictFileInteractability: false, timeouts: {implicit: 0, pageLoad: 300000, script: 30000}, unhandledPromptBehavior: dismiss and notify, webauthn:extension:credBlob: true, webauthn:extension:largeBlob: true, webauthn:extension:minPinLength: true, webauthn:extension:prf: true, webauthn:virtualAuthenticators: true}
Session ID: 54bc61cade54a5ff57016760946bb90e
]]></system-out>
    <system-err><![CDATA[Oct 19, 2025 10:41:40 PM org.openqa.selenium.devtools.CdpVersionFinder findNearestMatch
WARNING: Unable to find an exact match for CDP version 141, returning the closest version; found: 138; Please update to a Selenium version that supports CDP version 141
]]></system-err>
  </testcase>
  <testcase name="Product_Quantity_In_Cart_Validation" classname="com.poc.tests.Test1" time="3.116">
    <system-out><![CDATA[22:41:45.447 [main] INFO  com.poc.lib.TestAllureReportListener - Attaching screenshot file to Allure: C:\Users\sreehari\eclipse-workspace\poc\.\screenshots\Logout_ValidationSun-Oct-19-22-41-43-IST-2025.png (32729 bytes)
22:41:45.523 [main] INFO  com.poc.base.AbstractBaseTest - Screenshot captured for failed method Logout_Validation
22:41:45.523 [main] INFO  com.poc.base.AbstractBaseTest - Logout_Validation failed and captured the screenshot.
22:41:45.523 [main] INFO  com.poc.base.AbstractBaseTest - -------------------------------------------------------
22:41:46.274 [main] INFO  com.poc.base.AbstractBaseTest - Chrome browser is launched
]]></system-out>
    <system-err><![CDATA[Oct 19, 2025 10:41:46 PM org.openqa.selenium.devtools.CdpVersionFinder findNearestMatch
WARNING: Unable to find an exact match for CDP version 141, returning the closest version; found: 138; Please update to a Selenium version that supports CDP version 141
]]></system-err>
  </testcase>
  <testcase name="Register_User_Validation" classname="com.poc.tests.Test1" time="5.813">
    <system-out><![CDATA[22:41:57.363 [main] INFO  com.poc.base.AbstractBaseTest - Product_Quantity_In_Cart_Validation executed successfully.
22:41:57.363 [main] INFO  com.poc.base.AbstractBaseTest - -------------------------------------------------------
22:41:58.115 [main] INFO  com.poc.base.AbstractBaseTest - Chrome browser is launched
]]></system-out>
    <system-err><![CDATA[Oct 19, 2025 10:41:58 PM org.openqa.selenium.devtools.CdpVersionFinder findNearestMatch
WARNING: Unable to find an exact match for CDP version 141, returning the closest version; found: 138; Please update to a Selenium version that supports CDP version 141
]]></system-err>
  </testcase>
  <testcase name="Register_User_With_Existing_Email_Validation" classname="com.poc.tests.Test1" time="1.457">
    <system-out><![CDATA[22:42:06.113 [main] INFO  com.poc.base.AbstractBaseTest - Register_User_Validation executed successfully.
22:42:06.113 [main] INFO  com.poc.base.AbstractBaseTest - -------------------------------------------------------
22:42:06.877 [main] INFO  com.poc.base.AbstractBaseTest - Chrome browser is launched
]]></system-out>
    <system-err><![CDATA[Oct 19, 2025 10:42:06 PM org.openqa.selenium.devtools.CdpVersionFinder findNearestMatch
WARNING: Unable to find an exact match for CDP version 141, returning the closest version; found: 138; Please update to a Selenium version that supports CDP version 141
]]></system-err>
  </testcase>
  <testcase name="Remove_Product_From_Cart_Validation" classname="com.poc.tests.Test1" time="2.168">
    <system-out><![CDATA[22:42:10.207 [main] INFO  com.poc.base.AbstractBaseTest - Register_User_With_Existing_Email_Validation executed successfully.
22:42:10.207 [main] INFO  com.poc.base.AbstractBaseTest - -------------------------------------------------------
22:42:10.958 [main] INFO  com.poc.base.AbstractBaseTest - Chrome browser is launched
22:42:14.720 [main] INFO  com.poc.base.AbstractBaseTest - Recommended product Winter Top added successfully to cart
]]></system-out>
    <system-err><![CDATA[Oct 19, 2025 10:42:10 PM org.openqa.selenium.devtools.CdpVersionFinder findNearestMatch
WARNING: Unable to find an exact match for CDP version 141, returning the closest version; found: 138; Please update to a Selenium version that supports CDP version 141
]]></system-err>
  </testcase>
  <testcase name="Scroll_Up_Without_Using_Arrow_And_Scroll_down_Validation" classname="com.poc.tests.Test1" time="0.068">
    <system-out><![CDATA[22:42:15.407 [main] INFO  com.poc.base.AbstractBaseTest - Remove_Product_From_Cart_Validation executed successfully.
22:42:15.407 [main] INFO  com.poc.base.AbstractBaseTest - -------------------------------------------------------
22:42:16.174 [main] INFO  com.poc.base.AbstractBaseTest - Chrome browser is launched
]]></system-out>
    <system-err><![CDATA[Oct 19, 2025 10:42:16 PM org.openqa.selenium.devtools.CdpVersionFinder findNearestMatch
WARNING: Unable to find an exact match for CDP version 141, returning the closest version; found: 138; Please update to a Selenium version that supports CDP version 141
]]></system-err>
  </testcase>
  <testcase name="Scroll_Up_using_Arrow_And_Scroll_down_Validation" classname="com.poc.tests.Test1" time="0.106">
    <system-out><![CDATA[22:42:18.755 [main] INFO  com.poc.base.AbstractBaseTest - Scroll_Up_Without_Using_Arrow_And_Scroll_down_Validation executed successfully.
22:42:18.756 [main] INFO  com.poc.base.AbstractBaseTest - -------------------------------------------------------
22:42:19.509 [main] INFO  com.poc.base.AbstractBaseTest - Chrome browser is launched
]]></system-out>
    <system-err><![CDATA[Oct 19, 2025 10:42:19 PM org.openqa.selenium.devtools.CdpVersionFinder findNearestMatch
WARNING: Unable to find an exact match for CDP version 141, returning the closest version; found: 138; Please update to a Selenium version that supports CDP version 141
]]></system-err>
  </testcase>
  <testcase name="Search_Products_Validation" classname="com.poc.tests.Test1" time="2.472">
    <system-out><![CDATA[22:42:21.878 [main] INFO  com.poc.base.AbstractBaseTest - Scroll_Up_using_Arrow_And_Scroll_down_Validation executed successfully.
22:42:21.878 [main] INFO  com.poc.base.AbstractBaseTest - -------------------------------------------------------
22:42:22.620 [main] INFO  com.poc.base.AbstractBaseTest - Chrome browser is launched
]]></system-out>
    <system-err><![CDATA[Oct 19, 2025 10:42:22 PM org.openqa.selenium.devtools.CdpVersionFinder findNearestMatch
WARNING: Unable to find an exact match for CDP version 141, returning the closest version; found: 138; Please update to a Selenium version that supports CDP version 141
]]></system-err>
  </testcase>
  <testcase name="Subscription_Validation" classname="com.poc.tests.Test1" time="0.172">
    <system-out><![CDATA[22:42:27.811 [main] INFO  com.poc.base.AbstractBaseTest - Search_Products_Validation executed successfully.
22:42:27.812 [main] INFO  com.poc.base.AbstractBaseTest - -------------------------------------------------------
22:42:28.565 [main] INFO  com.poc.base.AbstractBaseTest - Chrome browser is launched
]]></system-out>
    <system-err><![CDATA[Oct 19, 2025 10:42:28 PM org.openqa.selenium.devtools.CdpVersionFinder findNearestMatch
WARNING: Unable to find an exact match for CDP version 141, returning the closest version; found: 138; Please update to a Selenium version that supports CDP version 141
]]></system-err>
  </testcase>
  <testcase name="Testcases_Page_Validation" classname="com.poc.tests.Test1" time="0.596">
    <system-out><![CDATA[22:42:30.546 [main] INFO  com.poc.base.AbstractBaseTest - Subscription_Validation executed successfully.
22:42:30.547 [main] INFO  com.poc.base.AbstractBaseTest - -------------------------------------------------------
22:42:31.301 [main] INFO  com.poc.base.AbstractBaseTest - Chrome browser is launched
]]></system-out>
    <system-err><![CDATA[Oct 19, 2025 10:42:31 PM org.openqa.selenium.devtools.CdpVersionFinder findNearestMatch
WARNING: Unable to find an exact match for CDP version 141, returning the closest version; found: 138; Please update to a Selenium version that supports CDP version 141
]]></system-err>
  </testcase>
  <testcase name="View_Brand_Products_Validation" classname="com.poc.tests.Test1" time="4.296">
    <system-out><![CDATA[22:42:34.301 [main] INFO  com.poc.base.AbstractBaseTest - Testcases_Page_Validation executed successfully.
22:42:34.301 [main] INFO  com.poc.base.AbstractBaseTest - -------------------------------------------------------
22:42:35.035 [main] INFO  com.poc.base.AbstractBaseTest - Chrome browser is launched
]]></system-out>
    <system-err><![CDATA[Oct 19, 2025 10:42:35 PM org.openqa.selenium.devtools.CdpVersionFinder findNearestMatch
WARNING: Unable to find an exact match for CDP version 141, returning the closest version; found: 138; Please update to a Selenium version that supports CDP version 141
]]></system-err>
  </testcase>
  <testcase name="View_Category_Products_Validation" classname="com.poc.tests.Test1" time="9.142">
    <system-out><![CDATA[22:42:41.543 [main] INFO  com.poc.base.AbstractBaseTest - View_Brand_Products_Validation executed successfully.
22:42:41.544 [main] INFO  com.poc.base.AbstractBaseTest - -------------------------------------------------------
22:42:42.309 [main] INFO  com.poc.base.AbstractBaseTest - Chrome browser is launched
Automation Exercise - Dress Products
]]></system-out>
    <system-err><![CDATA[Oct 19, 2025 10:42:42 PM org.openqa.selenium.devtools.CdpVersionFinder findNearestMatch
WARNING: Unable to find an exact match for CDP version 141, returning the closest version; found: 138; Please update to a Selenium version that supports CDP version 141
]]></system-err>
  </testcase>
  <testcase name="scubscription_In_Cart_Page_Validation" classname="com.poc.tests.Test1" time="0.771">
    <system-out><![CDATA[22:42:53.603 [main] INFO  com.poc.base.AbstractBaseTest - View_Category_Products_Validation executed successfully.
22:42:53.603 [main] INFO  com.poc.base.AbstractBaseTest - -------------------------------------------------------
22:42:54.372 [main] INFO  com.poc.base.AbstractBaseTest - Chrome browser is launched
]]></system-out>
    <system-err><![CDATA[Oct 19, 2025 10:42:54 PM org.openqa.selenium.devtools.CdpVersionFinder findNearestMatch
WARNING: Unable to find an exact match for CDP version 141, returning the closest version; found: 138; Please update to a Selenium version that supports CDP version 141
]]></system-err>
  </testcase>
</testsuite>